08/13/2023 14:33:59 - INFO - __main__ -   ***** Data Summary *****
08/13/2023 14:33:59 - INFO - __main__ -     Batch size = 2
08/13/2023 14:33:59 - INFO - __main__ -     Num train steps = 14110
08/13/2023 14:33:59 - INFO - __main__ -     Num train examples = 1415
08/13/2023 14:33:59 - INFO - __main__ -     Num dev examples = 353
08/13/2023 14:33:59 - INFO - __main__ -     Num test examples = 353
08/13/2023 14:33:59 - INFO - __main__ -     Num relations = 5
08/13/2023 14:46:10 - INFO - src.trainer -   --------------------------------------------------
08/13/2023 14:46:10 - INFO - src.trainer -   lr : 2e-05
08/13/2023 14:46:10 - INFO - src.trainer -   Train loss on epoch 0 is 23.812
08/13/2023 14:46:27 - INFO - src.trainer -   correct 0 predict 0 gold 1436
08/13/2023 14:46:27 - INFO - src.trainer -   current F1 score: 0.000,  best F1 score: 0.000
08/13/2023 14:46:27 - INFO - src.trainer -   **************************************************
08/13/2023 14:46:27 - INFO - src.trainer -   Saved best F1 score: 0.000, precision: 1.000, recall: 0.000
08/13/2023 14:58:34 - INFO - src.trainer -   --------------------------------------------------
08/13/2023 14:58:34 - INFO - src.trainer -   lr : 2e-05
08/13/2023 14:58:34 - INFO - src.trainer -   Train loss on epoch 1 is 18.154
08/13/2023 14:58:52 - INFO - src.trainer -   correct 0 predict 0 gold 1436
08/13/2023 14:58:52 - INFO - src.trainer -   current F1 score: 0.000,  best F1 score: 0.000
08/13/2023 15:11:07 - INFO - src.trainer -   --------------------------------------------------
08/13/2023 15:11:07 - INFO - src.trainer -   lr : 2e-05
08/13/2023 15:11:07 - INFO - src.trainer -   Train loss on epoch 2 is 16.541
08/13/2023 15:11:23 - INFO - src.trainer -   correct 141 predict 180 gold 1436
08/13/2023 15:11:23 - INFO - src.trainer -   current F1 score: 0.175,  best F1 score: 0.000
08/13/2023 15:11:23 - INFO - src.trainer -   **************************************************
08/13/2023 15:11:23 - INFO - src.trainer -   Saved best F1 score: 0.175, precision: 0.783, recall: 0.098
08/13/2023 15:23:17 - INFO - src.trainer -   --------------------------------------------------
08/13/2023 15:23:17 - INFO - src.trainer -   lr : 2e-05
08/13/2023 15:23:17 - INFO - src.trainer -   Train loss on epoch 3 is 14.853
08/13/2023 15:23:32 - INFO - src.trainer -   correct 357 predict 511 gold 1436
08/13/2023 15:23:32 - INFO - src.trainer -   current F1 score: 0.367,  best F1 score: 0.175
08/13/2023 15:23:32 - INFO - src.trainer -   **************************************************
08/13/2023 15:23:32 - INFO - src.trainer -   Saved best F1 score: 0.367, precision: 0.699, recall: 0.249
08/13/2023 15:35:58 - INFO - src.trainer -   --------------------------------------------------
08/13/2023 15:35:58 - INFO - src.trainer -   lr : 2e-05
08/13/2023 15:35:58 - INFO - src.trainer -   Train loss on epoch 4 is 13.130
08/13/2023 15:36:13 - INFO - src.trainer -   correct 428 predict 615 gold 1436
08/13/2023 15:36:13 - INFO - src.trainer -   current F1 score: 0.417,  best F1 score: 0.367
08/13/2023 15:36:13 - INFO - src.trainer -   **************************************************
08/13/2023 15:36:13 - INFO - src.trainer -   Saved best F1 score: 0.417, precision: 0.696, recall: 0.298
08/13/2023 15:48:36 - INFO - src.trainer -   --------------------------------------------------
08/13/2023 15:48:36 - INFO - src.trainer -   lr : 2e-05
08/13/2023 15:48:36 - INFO - src.trainer -   Train loss on epoch 5 is 11.214
08/13/2023 15:48:54 - INFO - src.trainer -   correct 481 predict 680 gold 1436
08/13/2023 15:48:54 - INFO - src.trainer -   current F1 score: 0.455,  best F1 score: 0.417
08/13/2023 15:48:54 - INFO - src.trainer -   **************************************************
08/13/2023 15:48:54 - INFO - src.trainer -   Saved best F1 score: 0.455, precision: 0.707, recall: 0.335
08/13/2023 16:01:08 - INFO - src.trainer -   --------------------------------------------------
08/13/2023 16:01:08 - INFO - src.trainer -   lr : 2e-05
08/13/2023 16:01:08 - INFO - src.trainer -   Train loss on epoch 6 is 9.116
08/13/2023 16:01:25 - INFO - src.trainer -   correct 508 predict 711 gold 1436
08/13/2023 16:01:25 - INFO - src.trainer -   current F1 score: 0.473,  best F1 score: 0.455
08/13/2023 16:01:25 - INFO - src.trainer -   **************************************************
08/13/2023 16:01:25 - INFO - src.trainer -   Saved best F1 score: 0.473, precision: 0.714, recall: 0.354
08/13/2023 16:13:47 - INFO - src.trainer -   --------------------------------------------------
08/13/2023 16:13:47 - INFO - src.trainer -   lr : 2e-05
08/13/2023 16:13:47 - INFO - src.trainer -   Train loss on epoch 7 is 7.224
08/13/2023 16:14:03 - INFO - src.trainer -   correct 525 predict 697 gold 1436
08/13/2023 16:14:03 - INFO - src.trainer -   current F1 score: 0.492,  best F1 score: 0.473
08/13/2023 16:14:03 - INFO - src.trainer -   **************************************************
08/13/2023 16:14:03 - INFO - src.trainer -   Saved best F1 score: 0.492, precision: 0.753, recall: 0.366
08/13/2023 16:26:14 - INFO - src.trainer -   --------------------------------------------------
08/13/2023 16:26:14 - INFO - src.trainer -   lr : 2e-05
08/13/2023 16:26:14 - INFO - src.trainer -   Train loss on epoch 8 is 5.653
08/13/2023 16:26:29 - INFO - src.trainer -   correct 537 predict 710 gold 1436
08/13/2023 16:26:29 - INFO - src.trainer -   current F1 score: 0.500,  best F1 score: 0.492
08/13/2023 16:26:29 - INFO - src.trainer -   **************************************************
08/13/2023 16:26:29 - INFO - src.trainer -   Saved best F1 score: 0.500, precision: 0.756, recall: 0.374
08/13/2023 16:38:47 - INFO - src.trainer -   --------------------------------------------------
08/13/2023 16:38:47 - INFO - src.trainer -   lr : 2e-05
08/13/2023 16:38:47 - INFO - src.trainer -   Train loss on epoch 9 is 4.165
08/13/2023 16:39:04 - INFO - src.trainer -   correct 549 predict 739 gold 1436
08/13/2023 16:39:04 - INFO - src.trainer -   current F1 score: 0.505,  best F1 score: 0.500
08/13/2023 16:39:04 - INFO - src.trainer -   **************************************************
08/13/2023 16:39:04 - INFO - src.trainer -   Saved best F1 score: 0.505, precision: 0.743, recall: 0.382
08/13/2023 16:51:16 - INFO - src.trainer -   --------------------------------------------------
08/13/2023 16:51:16 - INFO - src.trainer -   lr : 2e-05
08/13/2023 16:51:16 - INFO - src.trainer -   Train loss on epoch 10 is 3.185
08/13/2023 16:51:33 - INFO - src.trainer -   correct 558 predict 753 gold 1436
08/13/2023 16:51:33 - INFO - src.trainer -   current F1 score: 0.510,  best F1 score: 0.505
08/13/2023 16:51:33 - INFO - src.trainer -   **************************************************
08/13/2023 16:51:33 - INFO - src.trainer -   Saved best F1 score: 0.510, precision: 0.741, recall: 0.389
08/13/2023 17:03:54 - INFO - src.trainer -   --------------------------------------------------
08/13/2023 17:03:54 - INFO - src.trainer -   lr : 2e-05
08/13/2023 17:03:54 - INFO - src.trainer -   Train loss on epoch 11 is 2.457
08/13/2023 17:04:09 - INFO - src.trainer -   correct 555 predict 748 gold 1436
08/13/2023 17:04:09 - INFO - src.trainer -   current F1 score: 0.508,  best F1 score: 0.510
08/13/2023 17:16:21 - INFO - src.trainer -   --------------------------------------------------
08/13/2023 17:16:21 - INFO - src.trainer -   lr : 2e-05
08/13/2023 17:16:21 - INFO - src.trainer -   Train loss on epoch 12 is 1.799
08/13/2023 17:16:38 - INFO - src.trainer -   correct 560 predict 777 gold 1436
08/13/2023 17:16:38 - INFO - src.trainer -   current F1 score: 0.506,  best F1 score: 0.510
08/13/2023 17:28:35 - INFO - src.trainer -   --------------------------------------------------
08/13/2023 17:28:35 - INFO - src.trainer -   lr : 2e-05
08/13/2023 17:28:35 - INFO - src.trainer -   Train loss on epoch 13 is 1.395
08/13/2023 17:28:50 - INFO - src.trainer -   correct 557 predict 766 gold 1436
08/13/2023 17:28:50 - INFO - src.trainer -   current F1 score: 0.506,  best F1 score: 0.510
08/13/2023 17:41:09 - INFO - src.trainer -   --------------------------------------------------
08/13/2023 17:41:09 - INFO - src.trainer -   lr : 2e-05
08/13/2023 17:41:09 - INFO - src.trainer -   Train loss on epoch 14 is 1.090
08/13/2023 17:41:24 - INFO - src.trainer -   correct 568 predict 796 gold 1436
08/13/2023 17:41:24 - INFO - src.trainer -   current F1 score: 0.509,  best F1 score: 0.510
08/13/2023 17:53:37 - INFO - src.trainer -   --------------------------------------------------
08/13/2023 17:53:37 - INFO - src.trainer -   lr : 2e-05
08/13/2023 17:53:37 - INFO - src.trainer -   Train loss on epoch 15 is 0.921
08/13/2023 17:53:54 - INFO - src.trainer -   correct 572 predict 796 gold 1436
08/13/2023 17:53:54 - INFO - src.trainer -   current F1 score: 0.520,  best F1 score: 0.510
08/13/2023 17:53:54 - INFO - src.trainer -   **************************************************
08/13/2023 17:53:54 - INFO - src.trainer -   Saved best F1 score: 0.520, precision: 0.740, recall: 0.400
08/13/2023 18:05:56 - INFO - src.trainer -   --------------------------------------------------
08/13/2023 18:05:56 - INFO - src.trainer -   lr : 2e-05
08/13/2023 18:05:56 - INFO - src.trainer -   Train loss on epoch 16 is 0.772
08/13/2023 18:06:11 - INFO - src.trainer -   correct 569 predict 788 gold 1436
08/13/2023 18:06:11 - INFO - src.trainer -   current F1 score: 0.534,  best F1 score: 0.520
08/13/2023 18:18:39  - INFO - src.trainer -   **************************************************
08/13/2023 18:18:39 - INFO - src.trainer -   Saved best F1 score: 0.534, precision: 0.745, recall: 0.415
08/13/2023 18:18:39 - INFO - src.trainer -   --------------------------------------------------
08/13/2023 18:18:39 - INFO - src.trainer -   lr : 2e-05
08/13/2023 18:18:39 - INFO - src.trainer -   Train loss on epoch 17 is 0.701
08/13/2023 18:18:56 - INFO - src.trainer -   correct 575 predict 777 gold 1436
08/13/2023 18:18:56 - INFO - src.trainer -   current F1 score: 0.541,  best F1 score: 0.534
08/13/2023 18:18:56 - INFO - src.trainer -   **************************************************
08/13/2023 18:18:56 - INFO - src.trainer -   Saved best F1 score: 0.541, precision: 0.743, recall: 0.425
08/13/2023 18:31:05 - INFO - src.trainer -   --------------------------------------------------
08/13/2023 18:31:05 - INFO - src.trainer -   lr : 2e-05
08/13/2023 18:31:05 - INFO - src.trainer -   Train loss on epoch 18 is 0.608
08/13/2023 18:31:21 - INFO - src.trainer -   correct 571 predict 789 gold 1436
08/13/2023 18:31:21 - INFO - src.trainer -   current F1 score: 0.553,  best F1 score: 0.541
08/13/2023 18:31:21 - INFO - src.trainer -   **************************************************
08/13/2023 18:43:39 - INFO - src.trainer -   Saved best F1 score: 0.553, precision: 0.766, recall: 0.435
08/13/2023 18:43:39 - INFO - src.trainer -   --------------------------------------------------
08/13/2023 18:43:39 - INFO - src.trainer -   lr : 2e-05
08/13/2023 18:43:39 - INFO - src.trainer -   Train loss on epoch 19 is 0.643
08/13/2023 18:43:55 - INFO - src.trainer -   correct 580 predict 790 gold 1436
08/13/2023 18:43:55 - INFO - src.trainer -   current F1 score: 0.547,  best F1 score: 0.553
