['traffic_in', 'posess', 'sell_drugs_to', 'provide_shelter_for', 'NA']
*** Train ***
{'loss': 39.2741, 'learning_rate': 4.971910112359551e-05, 'epoch': 0.11}
{'loss': 32.4891, 'learning_rate': 4.943820224719101e-05, 'epoch': 0.22}
{'loss': 25.1183, 'learning_rate': 4.915730337078652e-05, 'epoch': 0.34}
{'loss': 17.0995, 'learning_rate': 4.8876404494382024e-05, 'epoch': 0.45}
{'loss': 12.5594, 'learning_rate': 4.859550561797753e-05, 'epoch': 0.56}
{'loss': 10.61, 'learning_rate': 4.831460674157304e-05, 'epoch': 0.67}
{'loss': 10.222, 'learning_rate': 4.803370786516854e-05, 'epoch': 0.79}
{'loss': 9.3238, 'learning_rate': 4.7752808988764046e-05, 'epoch': 0.9}
{'eval_f1': 0.4090293453720912, 'eval_precision': 0.5815147625152998, 'eval_recall': 0.31545961002763545, 'epoch': 1.0}
{'loss': 8.873, 'learning_rate': 4.747191011235955e-05, 'epoch': 1.01}
{'loss': 8.5265, 'learning_rate': 4.719101123595506e-05, 'epoch': 1.12}
{'loss': 8.148, 'learning_rate': 4.691011235955056e-05, 'epoch': 1.24}
{'loss': 7.6653, 'learning_rate': 4.662921348314607e-05, 'epoch': 1.35}
{'loss': 7.716, 'learning_rate': 4.6348314606741575e-05, 'epoch': 1.46}
{'loss': 7.7144, 'learning_rate': 4.606741573033708e-05, 'epoch': 1.57}
{'loss': 7.7889, 'learning_rate': 4.578651685393259e-05, 'epoch': 1.69}
{'loss': 7.5224, 'learning_rate': 4.550561797752809e-05, 'epoch': 1.8}
{'loss': 7.6513, 'learning_rate': 4.52247191011236e-05, 'epoch': 1.91}
{'eval_f1': 0.44181380417317745, 'eval_precision': 0.5213068181815713, 'eval_recall': 0.3833565459608693, 'epoch': 2.0}
{'loss': 6.9892, 'learning_rate': 4.4943820224719104e-05, 'epoch': 2.02}
{'loss': 6.9677, 'learning_rate': 4.4662921348314605e-05, 'epoch': 2.13}
{'loss': 6.5647, 'learning_rate': 4.438202247191011e-05, 'epoch': 2.25}
{'loss': 6.6529, 'learning_rate': 4.410112359550562e-05, 'epoch': 2.36}
{'loss': 6.7659, 'learning_rate': 4.3820224719101126e-05, 'epoch': 2.47}
{'loss': 6.819, 'learning_rate': 4.353932584269663e-05, 'epoch': 2.58}
{'loss': 6.7055, 'learning_rate': 4.3258426966292134e-05, 'epoch': 2.7}
{'loss': 6.517, 'learning_rate': 4.297752808988764e-05, 'epoch': 2.81}
{'loss': 6.7605, 'learning_rate': 4.269662921348315e-05, 'epoch': 2.92}
{'eval_f1': 0.47116564417165063, 'eval_precision': 0.5708622398412385, 'eval_recall': 0.40111420612804055, 'epoch': 3.0}
{'loss': 6.4356, 'learning_rate': 4.2415730337078655e-05, 'epoch': 3.03}
{'loss': 6.3459, 'learning_rate': 4.2134831460674156e-05, 'epoch': 3.15}
{'loss': 6.1577, 'learning_rate': 4.185393258426967e-05, 'epoch': 3.26}
{'loss': 6.2479, 'learning_rate': 4.157303370786517e-05, 'epoch': 3.37}
{'loss': 5.9246, 'learning_rate': 4.129213483146068e-05, 'epoch': 3.48}
{'loss': 6.2529, 'learning_rate': 4.1011235955056184e-05, 'epoch': 3.6}
{'loss': 6.0451, 'learning_rate': 4.0730337078651685e-05, 'epoch': 3.71}
{'loss': 6.1389, 'learning_rate': 4.044943820224719e-05, 'epoch': 3.82}
{'loss': 6.0997, 'learning_rate': 4.01685393258427e-05, 'epoch': 3.93}
{'eval_f1': 0.48909033414135356, 'eval_precision': 0.619823670852092, 'eval_recall': 0.40389972144839764, 'epoch': 4.0}
{'loss': 5.8788, 'learning_rate': 3.98876404494382e-05, 'epoch': 4.04}
{'loss': 5.7692, 'learning_rate': 3.960674157303371e-05, 'epoch': 4.16}
{'loss': 5.8401, 'learning_rate': 3.9325842696629214e-05, 'epoch': 4.27}
{'loss': 5.7449, 'learning_rate': 3.904494382022472e-05, 'epoch': 4.38}
{'loss': 5.5555, 'learning_rate': 3.876404494382023e-05, 'epoch': 4.49}
{'loss': 5.8901, 'learning_rate': 3.8483146067415735e-05, 'epoch': 4.61}
{'loss': 5.586, 'learning_rate': 3.8202247191011236e-05, 'epoch': 4.72}
{'loss': 5.8379, 'learning_rate': 3.792134831460674e-05, 'epoch': 4.83}
{'loss': 5.7376, 'learning_rate': 3.764044943820225e-05, 'epoch': 4.94}
{'eval_f1': 0.5031220597039597, 'eval_precision': 0.6519618709818993, 'eval_recall': 0.40961002785509615, 'epoch': 5.0}
{'loss': 5.5607, 'learning_rate': 3.735955056179776e-05, 'epoch': 5.06}
{'loss': 5.4869, 'learning_rate': 3.7078651685393264e-05, 'epoch': 5.17}
{'loss': 5.3323, 'learning_rate': 3.6797752808988765e-05, 'epoch': 5.28}
{'loss': 5.4731, 'learning_rate': 3.651685393258427e-05, 'epoch': 5.39}
{'loss': 5.2497, 'learning_rate': 3.623595505617978e-05, 'epoch': 5.51}
{'loss': 5.4063, 'learning_rate': 3.595505617977528e-05, 'epoch': 5.62}
{'loss': 5.3187, 'learning_rate': 3.5674157303370787e-05, 'epoch': 5.73}
{'loss': 5.3876, 'learning_rate': 3.5393258426966294e-05, 'epoch': 5.84}
{'loss': 5.5138, 'learning_rate': 3.51123595505618e-05, 'epoch': 5.96}
{'eval_f1': 0.5120321815960761, 'eval_precision': 0.6718190386426631, 'eval_recall': 0.41364902506958984, 'epoch': 6.0}
{'loss': 5.6337, 'learning_rate': 3.483146067415731e-05, 'epoch': 6.07}
{'loss': 5.2957, 'learning_rate': 3.455056179775281e-05, 'epoch': 6.18}
{'loss': 5.0277, 'learning_rate': 3.4269662921348316e-05, 'epoch': 6.29}
{'loss': 5.0625, 'learning_rate': 3.398876404494382e-05, 'epoch': 6.4}
{'loss': 5.3169, 'learning_rate': 3.370786516853933e-05, 'epoch': 6.52}
{'loss': 5.403, 'learning_rate': 3.342696629213483e-05, 'epoch': 6.63}
{'loss': 5.1343, 'learning_rate': 3.314606741573034e-05, 'epoch': 6.74}
{'loss': 5.083, 'learning_rate': 3.2865168539325845e-05, 'epoch': 6.85}
{'loss': 5.2132, 'learning_rate': 3.258426966292135e-05, 'epoch': 6.97}
{'eval_f1': 0.5182630120110233, 'eval_precision': 0.680414038492531, 'eval_recall': 0.41852367688018116, 'epoch': 7.0}
{'loss': 5.0682, 'learning_rate': 3.230337078651686e-05, 'epoch': 7.08}
{'loss': 5.0497, 'learning_rate': 3.202247191011236e-05, 'epoch': 7.19}
{'loss': 4.7074, 'learning_rate': 3.1741573033707866e-05, 'epoch': 7.3}
{'loss': 5.0785, 'learning_rate': 3.1460674157303374e-05, 'epoch': 7.42}
{'loss': 4.9981, 'learning_rate': 3.1179775280898874e-05, 'epoch': 7.53}
{'loss': 5.0642, 'learning_rate': 3.089887640449438e-05, 'epoch': 7.64}
{'loss': 4.9419, 'learning_rate': 3.061797752808989e-05, 'epoch': 7.75}
{'loss': 4.9651, 'learning_rate': 3.0337078651685396e-05, 'epoch': 7.87}
{'loss': 5.0205, 'learning_rate': 3.0056179775280903e-05, 'epoch': 7.98}
{'eval_f1': 0.5245368865777787, 'eval_precision': 0.6942930886147556, 'eval_recall': 0.42148328690804127, 'epoch': 8.0}
{'loss': 4.8271, 'learning_rate': 2.9775280898876406e-05, 'epoch': 8.09}
{'loss': 4.5711, 'learning_rate': 2.949438202247191e-05, 'epoch': 8.2}
{'loss': 4.6282, 'learning_rate': 2.9213483146067417e-05, 'epoch': 8.31}
{'loss': 4.6947, 'learning_rate': 2.893258426966292e-05, 'epoch': 8.43}
{'loss': 4.6988, 'learning_rate': 2.8651685393258425e-05, 'epoch': 8.54}
{'loss': 4.6813, 'learning_rate': 2.8370786516853936e-05, 'epoch': 8.65}
{'loss': 4.7974, 'learning_rate': 2.8089887640449443e-05, 'epoch': 8.76}
{'loss': 4.9248, 'learning_rate': 2.7808988764044946e-05, 'epoch': 8.88}
{'loss': 4.9898, 'learning_rate': 2.752808988764045e-05, 'epoch': 8.99}
{'eval_f1': 0.5303074386576927, 'eval_precision': 0.7103143673680553, 'eval_recall': 0.4230888269885157, 'epoch': 9.0}
{'loss': 4.6629, 'learning_rate': 2.7247191011235957e-05, 'epoch': 9.1}
{'loss': 4.5077, 'learning_rate': 2.696629213483146e-05, 'epoch': 9.21}
{'loss': 4.637, 'learning_rate': 2.6685393258426965e-05, 'epoch': 9.33}
{'loss': 4.6769, 'learning_rate': 2.6404494382022472e-05, 'epoch': 9.44}
{'loss': 4.5581, 'learning_rate': 2.6123595505617983e-05, 'epoch': 9.55}
{'loss': 4.4312, 'learning_rate': 2.5842696629213486e-05, 'epoch': 9.66}
{'loss': 4.6111, 'learning_rate': 2.556179775280899e-05, 'epoch': 9.78}
{'loss': 4.597, 'learning_rate': 2.5280898876404497e-05, 'epoch': 9.89}
{'loss': 4.6425, 'learning_rate': 2.5e-05, 'epoch': 10.0}
{'eval_f1': 0.5347331583551588, 'eval_precision': 0.7190588235293272, 'eval_recall': 0.42562674094704556, 'epoch': 10.0}
{'loss': 4.2992, 'learning_rate': 2.4719101123595505e-05, 'epoch': 10.11}
{'loss': 4.4107, 'learning_rate': 2.4438202247191012e-05, 'epoch': 10.22}
{'loss': 4.3844, 'learning_rate': 2.415730337078652e-05, 'epoch': 10.34}
{'loss': 4.375, 'learning_rate': 2.3876404494382023e-05, 'epoch': 10.45}
{'loss': 4.5041, 'learning_rate': 2.359550561797753e-05, 'epoch': 10.56}
{'loss': 4.2897, 'learning_rate': 2.3314606741573034e-05, 'epoch': 10.67}
{'loss': 4.3943, 'learning_rate': 2.303370786516854e-05, 'epoch': 10.79}
{'loss': 4.5819, 'learning_rate': 2.2752808988764045e-05, 'epoch': 10.9}
{'eval_f1': 0.5380350233355509, 'eval_precision': 0.7272727272726488, 'eval_recall': 0.4269435300075698, 'epoch': 11.0}
{'loss': 4.1888, 'learning_rate': 2.2471910112359552e-05, 'epoch': 11.01}
{'loss': 4.0709, 'learning_rate': 2.2191011235955056e-05, 'epoch': 11.12}
{'loss': 4.2531, 'learning_rate': 2.1910112359550563e-05, 'epoch': 11.24}
{'loss': 4.13, 'learning_rate': 2.1629213483146067e-05, 'epoch': 11.35}
{'loss': 4.2664, 'learning_rate': 2.1348314606741574e-05, 'epoch': 11.46}
{'loss': 4.2282, 'learning_rate': 2.1067415730337078e-05, 'epoch': 11.57}
{'loss': 4.2291, 'learning_rate': 2.0786516853932585e-05, 'epoch': 11.69}
{'loss': 4.2029, 'learning_rate': 2.0505617977528092e-05, 'epoch': 11.8}
{'loss': 4.1896, 'learning_rate': 2.0224719101123596e-05, 'epoch': 11.91}
{'eval_f1': 0.5404476301930559, 'eval_precision': 0.730715981012586, 'eval_recall': 0.4287952646239305, 'epoch': 12.0}
{'loss': 4.1347, 'learning_rate': 1.99438202247191e-05, 'epoch': 12.02}
{'loss': 4.0205, 'learning_rate': 1.9662921348314607e-05, 'epoch': 12.13}
{'loss': 4.0451, 'learning_rate': 1.9382022471910114e-05, 'epoch': 12.25}
{'loss': 3.9716, 'learning_rate': 1.9101123595505618e-05, 'epoch': 12.36}
{'loss': 4.1093, 'learning_rate': 1.8820224719101125e-05, 'epoch': 12.47}
{'loss': 4.0716, 'learning_rate': 1.8539325842696632e-05, 'epoch': 12.58}
{'loss': 4.1578, 'learning_rate': 1.8258426966292136e-05, 'epoch': 12.7}
{'loss': 4.1282, 'learning_rate': 1.797752808988764e-05, 'epoch': 12.81}
{'loss': 3.9739, 'learning_rate': 1.7696629213483147e-05, 'epoch': 12.92}
{'eval_f1': 0.5406420879599758, 'eval_precision': 0.7232743918857621, 'eval_recall': 0.43164773944715923, 'epoch': 13.0}
{'loss': 3.9124, 'learning_rate': 1.7415730337078654e-05, 'epoch': 13.03}
{'loss': 3.7709, 'learning_rate': 1.7134831460674158e-05, 'epoch': 13.15}
{'loss': 3.8039, 'learning_rate': 1.6853932584269665e-05, 'epoch': 13.26}
{'loss': 4.0053, 'learning_rate': 1.657303370786517e-05, 'epoch': 13.37}
{'loss': 3.9168, 'learning_rate': 1.6292134831460676e-05, 'epoch': 13.48}
{'loss': 3.9987, 'learning_rate': 1.601123595505618e-05, 'epoch': 13.6}
{'loss': 3.6633, 'learning_rate': 1.5730337078651687e-05, 'epoch': 13.71}
{'loss': 3.9634, 'learning_rate': 1.544943820224719e-05, 'epoch': 13.82}
{'loss': 3.9407, 'learning_rate': 1.5168539325842698e-05, 'epoch': 13.93}
{'eval_f1': 0.5426361424739229, 'eval_precision': 0.7274627864190728, 'eval_recall': 0.4326999602069025, 'epoch': 14.0}
{'loss': 3.8258, 'learning_rate': 1.4887640449438203e-05, 'epoch': 14.04}
{'loss': 3.7243, 'learning_rate': 1.4606741573033709e-05, 'epoch': 14.16}
{'loss': 3.5644, 'learning_rate': 1.4325842696629212e-05, 'epoch': 14.27}
{'loss': 3.7239, 'learning_rate': 1.4044943820224721e-05, 'epoch': 14.38}
{'loss': 3.6689, 'learning_rate': 1.3764044943820225e-05, 'epoch': 14.49}
{'loss': 3.9589, 'learning_rate': 1.348314606741573e-05, 'epoch': 14.61}
{'loss': 3.5475, 'learning_rate': 1.3202247191011236e-05, 'epoch': 14.72}
{'loss': 3.8464, 'learning_rate': 1.2921348314606743e-05, 'epoch': 14.83}
{'loss': 3.775, 'learning_rate': 1.2640449438202249e-05, 'epoch': 14.94}
{'eval_f1': 0.5441677588466263, 'eval_precision': 0.730128956623624, 'eval_recall': 0.43370473537602444, 'epoch': 15.0}
{'loss': 3.4705, 'learning_rate': 1.2359550561797752e-05, 'epoch': 15.06}
{'loss': 3.5346, 'learning_rate': 1.207865168539326e-05, 'epoch': 15.17}
{'loss': 3.4911, 'learning_rate': 1.1797752808988765e-05, 'epoch': 15.28}
{'loss': 3.5877, 'learning_rate': 1.151685393258427e-05, 'epoch': 15.39}
{'loss': 3.4823, 'learning_rate': 1.1235955056179776e-05, 'epoch': 15.51}
{'loss': 3.4947, 'learning_rate': 1.0955056179775282e-05, 'epoch': 15.62}
{'loss': 3.5823, 'learning_rate': 1.0674157303370787e-05, 'epoch': 15.73}
{'loss': 3.5683, 'learning_rate': 1.0393258426966292e-05, 'epoch': 15.84}
{'loss': 3.85, 'learning_rate': 1.0112359550561798e-05, 'epoch': 15.96}
{'eval_f1': 0.5449196404249226, 'eval_precision': 0.728265618173822, 'eval_recall': 0.4353238161559699, 'epoch': 16.0}
{'loss': 3.6216, 'learning_rate': 9.831460674157303e-06, 'epoch': 16.07}
{'loss': 3.5126, 'learning_rate': 9.550561797752809e-06, 'epoch': 16.18}
{'loss': 3.5237, 'learning_rate': 9.269662921348316e-06, 'epoch': 16.29}
{'loss': 3.3648, 'learning_rate': 8.98876404494382e-06, 'epoch': 16.4}
{'loss': 3.4756, 'learning_rate': 8.707865168539327e-06, 'epoch': 16.52}
{'loss': 3.513, 'learning_rate': 8.426966292134832e-06, 'epoch': 16.63}
{'loss': 3.3349, 'learning_rate': 8.146067415730338e-06, 'epoch': 16.74}
{'loss': 3.2732, 'learning_rate': 7.865168539325843e-06, 'epoch': 16.85}
{'loss': 3.4295, 'learning_rate': 7.584269662921349e-06, 'epoch': 16.97}
{'eval_f1': 0.5453056628879682, 'eval_precision': 0.7264607622553537, 'eval_recall': 0.4364656726200051, 'epoch': 17.0}
{'loss': 3.2567, 'learning_rate': 7.303370786516854e-06, 'epoch': 17.08}
{'loss': 3.1836, 'learning_rate': 7.022471910112361e-06, 'epoch': 17.19}
{'loss': 3.3719, 'learning_rate': 6.741573033707865e-06, 'epoch': 17.3}
{'loss': 3.158, 'learning_rate': 6.460674157303372e-06, 'epoch': 17.42}
{'loss': 3.3715, 'learning_rate': 6.179775280898876e-06, 'epoch': 17.53}
{'loss': 3.3862, 'learning_rate': 5.8988764044943826e-06, 'epoch': 17.64}
{'loss': 3.3752, 'learning_rate': 5.617977528089888e-06, 'epoch': 17.75}
{'loss': 3.2853, 'learning_rate': 5.3370786516853935e-06, 'epoch': 17.87}
{'loss': 3.2452, 'learning_rate': 5.056179775280899e-06, 'epoch': 17.98}
{'eval_f1': 0.5454983729058432, 'eval_precision': 0.7236042719191198, 'eval_recall': 0.4377514701330688, 'epoch': 18.0}
{'loss': 3.3415, 'learning_rate': 5e-06, 'epoch': 18.09}
{'loss': 3.2385, 'learning_rate': 5e-06, 'epoch': 18.2}
{'loss': 3.3867, 'learning_rate': 5e-06, 'epoch': 18.31}
{'loss': 3.1953, 'learning_rate': 5e-06, 'epoch': 18.43}
{'loss': 3.2414, 'learning_rate': 5e-06, 'epoch': 18.54}
{'loss': 3.1275, 'learning_rate': 5e-06, 'epoch': 18.65}
{'loss': 3.0847, 'learning_rate': 5e-06, 'epoch': 18.76}
{'loss': 3.2233, 'learning_rate': 5e-06, 'epoch': 18.88}
{'loss': 3.1943, 'learning_rate': 5e-06, 'epoch': 18.99}
{'eval_f1': 0.5459438502063746, 'eval_precision': 0.7226347883837032, 'eval_recall': 0.4386820114352573, 'epoch': 19.0}
{'loss': 3.061, 'learning_rate': 5e-06, 'epoch': 19.1}
{'loss': 3.2384, 'learning_rate': 5e-06, 'epoch': 19.21}
{'loss': 3.1591, 'learning_rate': 5e-06, 'epoch': 19.33}
{'loss': 2.9795, 'learning_rate': 5e-06, 'epoch': 19.44}
{'loss': 3.1848, 'learning_rate': 5e-06, 'epoch': 19.55}
{'loss': 3.0213, 'learning_rate': 5e-06, 'epoch': 19.66}
{'loss': 3.2892, 'learning_rate': 5e-06, 'epoch': 19.78}
{'loss': 3.2606, 'learning_rate': 5e-06, 'epoch': 19.89}
{'loss': 3.0647, 'learning_rate': 5e-06, 'epoch': 20.0}
{'eval_f1': 0.5464107169909085, 'eval_precision': 0.7219077028649441, 'eval_recall': 0.4395543175487312, 'epoch': 20.0}
{'train_runtime': 2072.8265, 'train_samples_per_second': 13.653, 'train_steps_per_second': 0.859, 'train_loss': 5.335504067881724, 'epoch': 20.0}